<?xml version="1.0" encoding="UTF-8"?>
<!-- Generated by org.testng.reporters.JUnitReportReporter -->
<testsuite hostname="Rajeev" name="com.Eccomerce.TestCase.TC_008" tests="1" failures="0" timestamp="18 May 2021 09:41:30 GMT" time="44.033" errors="0">
  <testcase name="Reorder" time="44.033" classname="com.Eccomerce.TestCase.TC_008"/>
</testsuite> <!-- com.Eccomerce.TestCase.TC_008 -->
