<?xml version="1.0" encoding="UTF-8"?>
<!-- Generated by org.testng.reporters.JUnitReportReporter -->
<testsuite hostname="Rajeev" name="com.Eccomerce.TestCase.demoInterview" tests="1" failures="0" timestamp="5 Jun 2021 19:29:14 GMT" time="5.427" errors="0">
  <testcase name="DemoTest" time="5.427" classname="com.Eccomerce.TestCase.demoInterview"/>
</testsuite> <!-- com.Eccomerce.TestCase.demoInterview -->
