<?xml version="1.0" encoding="UTF-8"?>
<!-- Generated by org.testng.reporters.JUnitReportReporter -->
<testsuite hostname="Rajeev" name="com.Eccomerce.TestCase.TC_006" tests="1" failures="0" timestamp="1 May 2021 06:59:46 GMT" time="45.568" errors="0">
  <testcase name="VerifyUserIsAbleToPurchase" time="45.568" classname="com.Eccomerce.TestCase.TC_006"/>
</testsuite> <!-- com.Eccomerce.TestCase.TC_006 -->
