<?xml version="1.0" encoding="UTF-8"?>
<!-- Generated by org.testng.reporters.JUnitReportReporter -->
<testsuite hostname="Rajeev" name="com.Eccomerce.TestCase.TC_005" tests="1" failures="0" timestamp="30 Apr 2021 20:17:19 GMT" time="30.847" errors="0">
  <testcase name="VerifyCreateAccountWishlist" time="30.847" classname="com.Eccomerce.TestCase.TC_005"/>
</testsuite> <!-- com.Eccomerce.TestCase.TC_005 -->
