<?xml version="1.0" encoding="UTF-8"?>
<!-- Generated by org.testng.reporters.JUnitReportReporter -->
<testsuite hostname="Rajeev" name="com.Eccomerce.TestCase.TC_005" tests="1" failures="0" timestamp="1 May 2021 05:04:11 GMT" time="28.534" errors="0">
  <testcase name="VerifyCreateAccountWishlist" time="28.534" classname="com.Eccomerce.TestCase.TC_005"/>
</testsuite> <!-- com.Eccomerce.TestCase.TC_005 -->
