<?xml version="1.0" encoding="UTF-8"?>
<!-- Generated by org.testng.reporters.JUnitReportReporter -->
<testsuite hostname="Rajeev" name="com.Eccomerce.TestCase.TC_006" tests="1" failures="0" timestamp="1 May 2021 18:36:16 GMT" time="40.292" errors="0">
  <testcase name="VerifyUserIsAbleToPurchase" time="40.292" classname="com.Eccomerce.TestCase.TC_006"/>
</testsuite> <!-- com.Eccomerce.TestCase.TC_006 -->
