<?xml version="1.0" encoding="UTF-8"?>
<!-- Generated by org.testng.reporters.JUnitReportReporter -->
<testsuite hostname="Rajeev" name="com.Eccomerce.TestCase.TC_003" tests="1" failures="0" timestamp="28 Apr 2021 18:33:06 GMT" time="19.505" errors="0">
  <testcase name="VerifyAddMoreProduct" time="19.505" classname="com.Eccomerce.TestCase.TC_003"/>
</testsuite> <!-- com.Eccomerce.TestCase.TC_003 -->
