<?xml version="1.0" encoding="UTF-8"?>
<!-- Generated by org.testng.reporters.JUnitReportReporter -->
<testsuite hostname="Rajeev" name="com.Eccomerce.TestCase.TC_003" tests="1" failures="0" timestamp="28 Apr 2021 07:11:26 GMT" time="21.465" errors="0">
  <testcase name="VerifyAddMoreProduct" time="21.465" classname="com.Eccomerce.TestCase.TC_003"/>
</testsuite> <!-- com.Eccomerce.TestCase.TC_003 -->
