<?xml version="1.0" encoding="UTF-8"?>
<!-- Generated by org.testng.reporters.JUnitReportReporter -->
<testsuite hostname="Rajeev" name="com.Eccomerce.TestCase.MobileListSortedByName" tests="1" failures="0" timestamp="28 Apr 2021 07:11:26 GMT" time="15.051" errors="0">
  <testcase name="MobileSortedByName" time="15.051" classname="com.Eccomerce.TestCase.MobileListSortedByName"/>
</testsuite> <!-- com.Eccomerce.TestCase.MobileListSortedByName -->
