<?xml version="1.0" encoding="UTF-8"?>
<!-- Generated by org.testng.reporters.JUnitReportReporter -->
<testsuite hostname="Rajeev" name="com.Eccomerce.TestCase.TC_004" tests="1" failures="0" timestamp="30 Apr 2021 17:50:50 GMT" time="38.064" errors="0">
  <testcase name="VerifyCompareProduct" time="38.064" classname="com.Eccomerce.TestCase.TC_004"/>
</testsuite> <!-- com.Eccomerce.TestCase.TC_004 -->
