<?xml version="1.0" encoding="UTF-8"?>
<!-- Generated by org.testng.reporters.JUnitReportReporter -->
<testsuite hostname="Rajeev" name="com.Eccomerce.TestCase.TC_002" tests="1" failures="0" timestamp="27 Apr 2021 20:00:58 GMT" time="19.254" errors="0">
  <testcase name="VerifyCostOfProduct" time="19.254" classname="com.Eccomerce.TestCase.TC_002"/>
</testsuite> <!-- com.Eccomerce.TestCase.TC_002 -->
