<?xml version="1.0" encoding="UTF-8"?>
<!-- Generated by org.testng.reporters.JUnitReportReporter -->
<testsuite hostname="Rajeev" name="com.Eccomerce.TestCase.TC_002" tests="1" failures="0" timestamp="28 Apr 2021 18:10:11 GMT" time="17.912" errors="0">
  <testcase name="VerifyCostOfProduct" time="17.912" classname="com.Eccomerce.TestCase.TC_002"/>
</testsuite> <!-- com.Eccomerce.TestCase.TC_002 -->
