<?xml version="1.0" encoding="UTF-8"?>
<!-- Generated by org.testng.reporters.JUnitReportReporter -->
<testsuite hostname="Rajeev" name="com.Eccomerce.TestCase.MobileListSortedByName" tests="1" failures="0" timestamp="27 Apr 2021 16:10:41 GMT" time="14.768" errors="0">
  <testcase name="MobileSortedByName" time="14.768" classname="com.Eccomerce.TestCase.MobileListSortedByName"/>
</testsuite> <!-- com.Eccomerce.TestCase.MobileListSortedByName -->
