<?xml version="1.0" encoding="UTF-8"?>
<!-- Generated by org.testng.reporters.JUnitReportReporter -->
<testsuite hostname="Rajeev" name="com.Eccomerce.TestCase.TC_007" tests="1" failures="0" timestamp="2 May 2021 06:22:17 GMT" time="23.226" errors="0">
  <testcase name="SavePreviousOrderInPdf" time="23.226" classname="com.Eccomerce.TestCase.TC_007"/>
</testsuite> <!-- com.Eccomerce.TestCase.TC_007 -->
