<?xml version="1.0" encoding="UTF-8"?>
<!-- Generated by org.testng.reporters.JUnitReportReporter -->
<testsuite hostname="Rajeev" name="com.Eccomerce.TestCase.demoInterview" tests="1" failures="0" timestamp="7 May 2021 18:40:58 GMT" time="8.421" errors="0">
  <testcase name="temoTest" time="8.421" classname="com.Eccomerce.TestCase.demoInterview"/>
</testsuite> <!-- com.Eccomerce.TestCase.demoInterview -->
